mode: count
github.com/hhirsch/sps-buddy/main.go:16.41,17.38 1 2
github.com/hhirsch/sps-buddy/main.go:17.38,19.3 1 2
github.com/hhirsch/sps-buddy/main.go:19.8,22.3 2 0
github.com/hhirsch/sps-buddy/main.go:25.31,27.33 2 3
github.com/hhirsch/sps-buddy/main.go:27.33,28.53 1 2
github.com/hhirsch/sps-buddy/main.go:28.53,32.4 3 1
github.com/hhirsch/sps-buddy/main.go:33.3,33.53 1 1
github.com/hhirsch/sps-buddy/main.go:33.53,37.4 3 1
github.com/hhirsch/sps-buddy/main.go:40.2,43.41 1 1
github.com/hhirsch/sps-buddy/main.go:43.41,46.3 2 0
github.com/hhirsch/sps-buddy/main.go:48.2,48.42 1 1
github.com/hhirsch/sps-buddy/main.go:48.42,50.3 1 0
github.com/hhirsch/sps-buddy/main.go:53.39,56.15 3 0
github.com/hhirsch/sps-buddy/main.go:56.15,58.17 2 0
github.com/hhirsch/sps-buddy/main.go:58.17,60.4 1 0
github.com/hhirsch/sps-buddy/main.go:63.2,63.16 1 0
github.com/hhirsch/sps-buddy/main.go:63.16,66.3 2 0
github.com/hhirsch/sps-buddy/main.go:68.2,69.21 2 0
github.com/hhirsch/sps-buddy/main.go:69.21,72.3 2 0
github.com/hhirsch/sps-buddy/main.go:74.2,74.38 1 0
github.com/hhirsch/sps-buddy/main.go:74.38,77.3 2 0
github.com/hhirsch/sps-buddy/main.go:79.2,79.21 1 0
github.com/hhirsch/sps-buddy/main.go:79.21,81.3 1 0
github.com/hhirsch/sps-buddy/main.go:82.2,82.10 1 0
github.com/hhirsch/sps-buddy/main.go:85.13,86.24 1 0
github.com/hhirsch/sps-buddy/main.go:86.24,89.3 2 0
github.com/hhirsch/sps-buddy/main.go:91.2,91.44 1 0
github.com/hhirsch/sps-buddy/main.go:91.44,94.3 2 0
github.com/hhirsch/sps-buddy/main.go:96.2,96.47 1 0
github.com/hhirsch/sps-buddy/main.go:96.47,98.90 2 0
github.com/hhirsch/sps-buddy/main.go:98.90,99.68 1 0
github.com/hhirsch/sps-buddy/main.go:99.68,101.5 1 0
github.com/hhirsch/sps-buddy/main.go:103.4,103.14 1 0
github.com/hhirsch/sps-buddy/main.go:105.3,105.17 1 0
github.com/hhirsch/sps-buddy/main.go:105.17,108.4 2 0
github.com/hhirsch/sps-buddy/main.go:109.3,109.23 1 0
github.com/hhirsch/sps-buddy/main.go:109.23,112.4 2 0
github.com/hhirsch/sps-buddy/main.go:112.9,115.4 2 0
github.com/hhirsch/sps-buddy/main.go:117.3,117.17 1 0
github.com/hhirsch/sps-buddy/main.go:117.17,120.4 2 0
github.com/hhirsch/sps-buddy/main.go:124.2,125.12 2 0
github.com/hhirsch/sps-buddy/internal/models/style/symbol.go:8.42,11.2 2 0
github.com/hhirsch/sps-buddy/internal/models/style/symbol.go:13.37,16.2 2 0
